[11:46:01] [Server thread/INFO]: Starting minecraft server version 1.7.10
[11:46:53] [Server thread/INFO]: Loading properties
[11:46:53] [Server thread/INFO]: Default game type: SURVIVAL
[11:46:53] [Server thread/INFO]: Generating keypair
[11:46:53] [Server thread/INFO]: Starting Minecraft server on *:25565
[11:47:46] [Server thread/INFO]: Preparing level "Tayoland"
[11:47:51] [Server thread/INFO]: Preparing start region for level 0
[11:47:52] [Server thread/INFO]: Preparing spawn area: 79%
[11:47:53] [Server thread/INFO]: Done (6.925s)! For help, type "help" or "?"
[11:48:02] [Server thread/WARN]: Can't keep up! Did the system time change, or is the server overloaded? Running 7326ms behind, skipping 146 tick(s)
[11:48:05] [Server thread/WARN]: Wrong location! Tapestry (MayanGold) (at 0, 0 instead of -91, 31)
[11:48:17] [Server thread/WARN]: Can't keep up! Did the system time change, or is the server overloaded? Running 7103ms behind, skipping 142 tick(s)
[11:48:35] [Server thread/WARN]: Wrong location! Tapestry (MayanGold) (at 0, 0 instead of -91, 31)
[11:48:53] [Server thread/WARN]: Wrong location! Tapestry (MayanGold) (at 0, 0 instead of -91, 31)
[11:49:34] [Server thread/WARN]: Wrong location! Tapestry (MayanGold) (at 0, 0 instead of -91, 31)
[11:49:36] [Server thread/WARN]: Wrong location! Tapestry (MayanGold) (at 0, 0 instead of -91, 31)
[11:50:21] [Server thread/WARN]: Wrong location! Tapestry (MayanGold) (at 0, 0 instead of -91, 31)
[11:50:39] [Server thread/WARN]: Wrong location! Tapestry (MayanGold) (at 0, 0 instead of -91, 31)
[11:51:07] [Server thread/WARN]: Wrong location! Tapestry (MayanGold) (at 0, 0 instead of -91, 31)
[11:51:34] [Server thread/WARN]: Wrong location! Tapestry (MayanGold) (at 0, 0 instead of -91, 31)
[11:51:52] [Server thread/WARN]: Wrong location! Tapestry (MayanGold) (at 0, 0 instead of -91, 31)
[11:52:33] [Server thread/WARN]: Wrong location! Tapestry (MayanGold) (at 0, 0 instead of -91, 31)
[11:52:42] [Server thread/WARN]: Wrong location! Tapestry (MayanGold) (at 0, 0 instead of -91, 31)
[11:53:21] [Server thread/WARN]: Wrong location! Tapestry (MayanGold) (at 0, 0 instead of -91, 31)
[11:53:32] [Server thread/WARN]: Wrong location! Tapestry (MayanGold) (at 0, 0 instead of -91, 31)
[11:54:05] [Server thread/WARN]: Wrong location! Tapestry (MayanGold) (at 0, 0 instead of -91, 31)
[11:54:38] [Server thread/WARN]: Wrong location! Tapestry (MayanGold) (at 0, 0 instead of -91, 31)
[11:54:51] [Server thread/WARN]: Wrong location! Tapestry (MayanGold) (at 0, 0 instead of -91, 31)
[11:55:33] [Server thread/WARN]: Wrong location! Tapestry (MayanGold) (at 0, 0 instead of -91, 31)
[11:55:39] [Server thread/WARN]: Wrong location! Tapestry (MayanGold) (at 0, 0 instead of -91, 31)
[11:56:24] [Server thread/WARN]: Wrong location! Tapestry (MayanGold) (at 0, 0 instead of -91, 31)
[11:56:35] [Server thread/WARN]: Wrong location! Tapestry (MayanGold) (at 0, 0 instead of -91, 31)
[11:57:07] [Server thread/WARN]: Wrong location! Tapestry (MayanGold) (at 0, 0 instead of -91, 31)
[11:57:33] [Server thread/WARN]: Wrong location! Tapestry (MayanGold) (at 0, 0 instead of -91, 31)
[11:57:51] [Server thread/WARN]: Wrong location! Tapestry (MayanGold) (at 0, 0 instead of -91, 31)
[11:58:33] [Server thread/WARN]: Wrong location! Tapestry (MayanGold) (at 0, 0 instead of -91, 31)
[11:58:39] [Server thread/WARN]: Wrong location! Tapestry (MayanGold) (at 0, 0 instead of -91, 31)
[11:59:22] [Server thread/WARN]: Wrong location! Tapestry (MayanGold) (at 0, 0 instead of -91, 31)
[11:59:33] [Server thread/WARN]: Wrong location! Tapestry (MayanGold) (at 0, 0 instead of -91, 31)
[11:59:58] [User Authenticator #1/INFO]: UUID of player _SMILES_____ is 4a576c68-e89b-471c-8f90-ee5333e42d31
[12:00:00] [Server thread/INFO]: _SMILES_____[/97.92.219.51:51015] logged in with entity id 5882 at (-797.9485003763027, 73.0, 987.7339420855352)
[12:00:00] [Server thread/INFO]: _SMILES_____ joined the game
[12:00:06] [Server thread/INFO]: _SMILES_____ lost connection: TextComponent{text='Disconnected', siblings=[], style=Style{hasParent=false, color=null, bold=null, italic=null, underlined=null, obfuscated=null, clickEvent=null, hoverEvent=null}}
[12:00:06] [Server thread/INFO]: _SMILES_____ left the game
[12:00:08] [Server thread/WARN]: Wrong location! Tapestry (MayanGold) (at 0, 0 instead of -91, 31)
[12:00:36] [Server thread/WARN]: Wrong location! Tapestry (MayanGold) (at 0, 0 instead of -91, 31)
[12:00:51] [Server thread/WARN]: Wrong location! Tapestry (MayanGold) (at 0, 0 instead of -91, 31)
[12:01:32] [Server thread/WARN]: Wrong location! Tapestry (MayanGold) (at 0, 0 instead of -91, 31)
[12:01:35] [Server thread/WARN]: Wrong location! Tapestry (MayanGold) (at 0, 0 instead of -91, 31)
[12:02:21] [Server thread/WARN]: Wrong location! Tapestry (MayanGold) (at 0, 0 instead of -91, 31)
[12:02:33] [Server thread/WARN]: Wrong location! Tapestry (MayanGold) (at 0, 0 instead of -91, 31)
[12:02:39] [User Authenticator #2/INFO]: UUID of player _SMILES_____ is 4a576c68-e89b-471c-8f90-ee5333e42d31
[12:02:41] [Server thread/INFO]: _SMILES_____[/97.92.219.51:51115] logged in with entity id 8568 at (-797.9485003763027, 73.0, 987.7339420855352)
[12:02:41] [Server thread/INFO]: _SMILES_____ joined the game
[12:02:48] [Server thread/INFO]: _SMILES_____ lost connection: TranslatableComponent{key='disconnect.genericReason', args=[Internal Exception: java.io.IOException: An existing connection was forcibly closed by the remote host], siblings=[], style=Style{hasParent=false, color=null, bold=null, italic=null, underlined=null, obfuscated=null, clickEvent=null, hoverEvent=null}}
[12:02:48] [Server thread/INFO]: _SMILES_____ left the game
[12:02:53] [Server thread/INFO]: There are 0/20 players online:
[12:02:53] [Server thread/INFO]: 
[12:03:06] [Server thread/WARN]: Wrong location! Tapestry (MayanGold) (at 0, 0 instead of -91, 31)
[12:03:32] [Server thread/WARN]: Wrong location! Tapestry (MayanGold) (at 0, 0 instead of -91, 31)
[12:03:51] [Server thread/WARN]: Wrong location! Tapestry (MayanGold) (at 0, 0 instead of -91, 31)
[12:04:33] [Server thread/WARN]: Wrong location! Tapestry (MayanGold) (at 0, 0 instead of -91, 31)
[12:04:40] [Server thread/WARN]: Wrong location! Tapestry (MayanGold) (at 0, 0 instead of -91, 31)
[12:05:29] [Server thread/WARN]: Wrong location! Tapestry (MayanGold) (at 0, 0 instead of -91, 31)
[12:05:34] [Server thread/WARN]: Wrong location! Tapestry (MayanGold) (at 0, 0 instead of -91, 31)
[12:06:10] [Server thread/WARN]: Wrong location! Tapestry (MayanGold) (at 0, 0 instead of -91, 31)
[12:06:32] [Server thread/WARN]: Wrong location! Tapestry (MayanGold) (at 0, 0 instead of -91, 31)
[12:06:50] [Server thread/WARN]: Wrong location! Tapestry (MayanGold) (at 0, 0 instead of -91, 31)
[12:07:39] [Server thread/WARN]: Wrong location! Tapestry (MayanGold) (at 0, 0 instead of -91, 31)
[12:08:26] [Server thread/WARN]: Wrong location! Tapestry (MayanGold) (at 0, 0 instead of -91, 31)
[12:08:33] [Server thread/WARN]: Wrong location! Tapestry (MayanGold) (at 0, 0 instead of -91, 31)
[12:09:05] [Server thread/WARN]: Wrong location! Tapestry (MayanGold) (at 0, 0 instead of -91, 31)
[12:09:32] [Server thread/WARN]: Wrong location! Tapestry (MayanGold) (at 0, 0 instead of -91, 31)
[12:09:52] [Server thread/WARN]: Wrong location! Tapestry (MayanGold) (at 0, 0 instead of -91, 31)
[12:10:38] [Server thread/WARN]: Wrong location! Tapestry (MayanGold) (at 0, 0 instead of -91, 31)
[12:11:24] [Server thread/WARN]: Wrong location! Tapestry (MayanGold) (at 0, 0 instead of -91, 31)
[12:11:34] [Server thread/WARN]: Wrong location! Tapestry (MayanGold) (at 0, 0 instead of -91, 31)
[12:12:06] [Server thread/WARN]: Wrong location! Tapestry (MayanGold) (at 0, 0 instead of -91, 31)
[12:12:32] [Server thread/WARN]: Wrong location! Tapestry (MayanGold) (at 0, 0 instead of -91, 31)
[12:12:52] [Server thread/WARN]: Wrong location! Tapestry (MayanGold) (at 0, 0 instead of -91, 31)
[12:13:35] [Server thread/WARN]: Wrong location! Tapestry (MayanGold) (at 0, 0 instead of -91, 31)
[12:14:21] [Server thread/WARN]: Wrong location! Tapestry (MayanGold) (at 0, 0 instead of -91, 31)
[12:14:37] [Server thread/WARN]: Wrong location! Tapestry (MayanGold) (at 0, 0 instead of -91, 31)
[12:15:09] [Server thread/WARN]: Wrong location! Tapestry (MayanGold) (at 0, 0 instead of -91, 31)
[12:15:32] [Server thread/WARN]: Wrong location! Tapestry (MayanGold) (at 0, 0 instead of -91, 31)
[12:15:50] [Server thread/WARN]: Wrong location! Tapestry (MayanGold) (at 0, 0 instead of -91, 31)
[12:16:33] [Server thread/WARN]: Wrong location! Tapestry (MayanGold) (at 0, 0 instead of -91, 31)
[12:16:37] [Server thread/WARN]: Wrong location! Tapestry (MayanGold) (at 0, 0 instead of -91, 31)
[12:17:20] [Server thread/WARN]: Wrong location! Tapestry (MayanGold) (at 0, 0 instead of -91, 31)
[12:17:35] [Server thread/WARN]: Wrong location! Tapestry (MayanGold) (at 0, 0 instead of -91, 31)
[12:18:08] [Server thread/WARN]: Wrong location! Tapestry (MayanGold) (at 0, 0 instead of -91, 31)
[12:18:33] [Server thread/WARN]: Wrong location! Tapestry (MayanGold) (at 0, 0 instead of -91, 31)
[12:18:58] [Server thread/WARN]: Wrong location! Tapestry (MayanGold) (at 0, 0 instead of -91, 31)
[12:19:35] [Server thread/WARN]: Wrong location! Tapestry (MayanGold) (at 0, 0 instead of -91, 31)
[12:20:20] [Server thread/WARN]: Wrong location! Tapestry (MayanGold) (at 0, 0 instead of -91, 31)
[12:20:32] [Server thread/WARN]: Wrong location! Tapestry (MayanGold) (at 0, 0 instead of -91, 31)
[12:21:08] [Server thread/WARN]: Wrong location! Tapestry (MayanGold) (at 0, 0 instead of -91, 31)
[12:21:36] [Server thread/WARN]: Wrong location! Tapestry (MayanGold) (at 0, 0 instead of -91, 31)
[12:21:50] [Server thread/WARN]: Wrong location! Tapestry (MayanGold) (at 0, 0 instead of -91, 31)
[12:22:32] [Server thread/WARN]: Wrong location! Tapestry (MayanGold) (at 0, 0 instead of -91, 31)
[12:22:41] [Server thread/WARN]: Wrong location! Tapestry (MayanGold) (at 0, 0 instead of -91, 31)
[12:23:21] [Server thread/WARN]: Wrong location! Tapestry (MayanGold) (at 0, 0 instead of -91, 31)
[12:23:37] [Server thread/WARN]: Wrong location! Tapestry (MayanGold) (at 0, 0 instead of -91, 31)
[12:24:05] [Server thread/WARN]: Wrong location! Tapestry (MayanGold) (at 0, 0 instead of -91, 31)
[12:24:37] [Server thread/WARN]: Wrong location! Tapestry (MayanGold) (at 0, 0 instead of -91, 31)
[12:24:50] [Server thread/WARN]: Wrong location! Tapestry (MayanGold) (at 0, 0 instead of -91, 31)
[12:25:32] [Server thread/WARN]: Wrong location! Tapestry (MayanGold) (at 0, 0 instead of -91, 31)
[12:25:39] [Server thread/WARN]: Wrong location! Tapestry (MayanGold) (at 0, 0 instead of -91, 31)
[12:26:27] [Server thread/WARN]: Wrong location! Tapestry (MayanGold) (at 0, 0 instead of -91, 31)
[12:26:35] [Server thread/WARN]: Wrong location! Tapestry (MayanGold) (at 0, 0 instead of -91, 31)
[12:27:07] [Server thread/WARN]: Wrong location! Tapestry (MayanGold) (at 0, 0 instead of -91, 31)
[12:27:32] [Server thread/WARN]: Wrong location! Tapestry (MayanGold) (at 0, 0 instead of -91, 31)
[12:27:53] [Server thread/WARN]: Wrong location! Tapestry (MayanGold) (at 0, 0 instead of -91, 31)
[12:28:33] [Server thread/WARN]: Wrong location! Tapestry (MayanGold) (at 0, 0 instead of -91, 31)
[12:28:37] [Server thread/WARN]: Wrong location! Tapestry (MayanGold) (at 0, 0 instead of -91, 31)
[12:29:20] [Server thread/WARN]: Wrong location! Tapestry (MayanGold) (at 0, 0 instead of -91, 31)
[12:29:32] [Server thread/WARN]: Wrong location! Tapestry (MayanGold) (at 0, 0 instead of -91, 31)
[12:30:06] [Server thread/WARN]: Wrong location! Tapestry (MayanGold) (at 0, 0 instead of -91, 31)
[12:30:32] [Server thread/WARN]: Wrong location! Tapestry (MayanGold) (at 0, 0 instead of -91, 31)
[12:30:50] [Server thread/WARN]: Wrong location! Tapestry (MayanGold) (at 0, 0 instead of -91, 31)
[12:31:32] [Server thread/WARN]: Wrong location! Tapestry (MayanGold) (at 0, 0 instead of -91, 31)
[12:31:36] [Server thread/WARN]: Wrong location! Tapestry (MayanGold) (at 0, 0 instead of -91, 31)
[12:32:21] [Server thread/WARN]: Wrong location! Tapestry (MayanGold) (at 0, 0 instead of -91, 31)
[12:32:33] [Server thread/WARN]: Wrong location! Tapestry (MayanGold) (at 0, 0 instead of -91, 31)
[12:33:13] [Server thread/WARN]: Wrong location! Tapestry (MayanGold) (at 0, 0 instead of -91, 31)
[12:33:29] [User Authenticator #3/INFO]: UUID of player _SMILES_____ is 4a576c68-e89b-471c-8f90-ee5333e42d31
[12:33:31] [Server thread/INFO]: _SMILES_____[/97.92.219.51:51703] logged in with entity id 20046 at (-797.9485003763027, 73.0, 987.7339420855352)
[12:33:31] [Server thread/INFO]: _SMILES_____ joined the game
[12:33:33] [Server thread/WARN]: Wrong location! Tapestry (MayanGold) (at 0, 0 instead of -91, 31)
[12:33:38] [Server thread/INFO]: _SMILES_____ lost connection: TranslatableComponent{key='disconnect.genericReason', args=[Internal Exception: java.io.IOException: An existing connection was forcibly closed by the remote host], siblings=[], style=Style{hasParent=false, color=null, bold=null, italic=null, underlined=null, obfuscated=null, clickEvent=null, hoverEvent=null}}
[12:33:38] [Server thread/INFO]: _SMILES_____ left the game
[12:33:54] [Server thread/WARN]: Wrong location! Tapestry (MayanGold) (at 0, 0 instead of -91, 31)
[12:34:32] [Server thread/WARN]: Wrong location! Tapestry (MayanGold) (at 0, 0 instead of -91, 31)
[12:34:41] [Server thread/WARN]: Wrong location! Tapestry (MayanGold) (at 0, 0 instead of -91, 31)
[12:35:20] [Server thread/WARN]: Wrong location! Tapestry (MayanGold) (at 0, 0 instead of -91, 31)
[12:35:39] [Server thread/WARN]: Wrong location! Tapestry (MayanGold) (at 0, 0 instead of -91, 31)
[12:36:16] [Server thread/WARN]: Wrong location! Tapestry (MayanGold) (at 0[12:36:58] [Server thread/INFO]: Loading properties
[12:36:58] [Server thread/INFO]: Default game type: SURVIVAL
[12:36:58] [Server thread/INFO]: Generating keypair
[12:36:58] [Server thread/INFO]: Starting Minecraft serve[12:37:33] [Server thread/WARN]: Wrong location! Tapestry (MayanGold) (at 0, 0 instead of -91, 31)
[12:37:39] [Server thread/WARN]: Wrong location! Tapestry (MayanGold) (at 0, 0 instead of -91, 31)
[12:38:20] [Server thread/WARN]: Wrong location! Tapestry (MayanGold) (at 0, 0 instead of -91, 31)
[12:38:40] [Server thread/WARN]: Wrong location! Tapestry (MayanGold) (at 0, 0 instead of -91, 31)
[12:39:06] [Server thread/WARN]: Wrong location! Tapestry (MayanGold) (at 0, 0 instead of -91, 31)
[12:39:19] [Server thread/INFO]: com.mojang.authlib.GameProfile@374f1096[id=<null>,name=_SMILES_____,properties={},legacy=false] (/97.92.219.51:51842) lost connection: Disconnected
[12:39:43] [Server thread/WARN]: Wrong location! Tapestry (MayanGold) (at 0, 0 instead of -91, 31)
[12:39:51] [Server thread/WARN]: Wrong location! Tapestry (MayanGold) (at 0, 0 instead of -91, 31)
[12:40:36] [Server thread/WARN]: Wrong location! Tapestry (MayanGold) (at 0, 0 instead of -91, 31)
[12:41:26] [Server thread/WARN]: Wrong location! Tapestry (MayanGold) (at 0, 0 instead of -91, 31)
[12:41:38] [Server thread/WARN]: Wrong location! Tapestry (MayanGold) (at 0, 0 instead of -91, 31)
[12:42:06] [Server thread/WARN]: Wrong location! Tapestry (MayanGold) (at 0, 0 instead of -91, 31)
[12:42:35] [Server thread/WARN]: Wrong location! Tapestry (MayanGold) (at 0, 0 instead of -91, 31)
[12:42:53] [Server thread/WARN]: Wrong location! Tapestry (MayanGold) (at 0, 0 instead of -91, 31)
[12:43:32] [Server thread/WARN]: Wrong location! Tapestry (MayanGold) (at 0, 0 instead of -91, 31)
[12:43:35] [Server thread/WARN]: Wrong location! Tapestry (MayanGold) (at 0, 0 instead of -91, 31)
[12:44:28] [Server thread/WARN]: Wrong location! Tapestry (MayanGold) (at 0, 0 instead of -91, 31)
[12:44:33] [Server thread/WARN]: Wrong location! Tapestry (MayanGold) (at 0, 0 instead of -91, 31)
[12:45:06] [Server thread/WARN]: Wrong location! Tapestry (MayanGold) (at 0, 0 instead of -91, 31)
[12:45:32] [Server thread/WARN]: Wrong location! Tapestry (MayanGold) (at 0, 0 instead of -91, 31)
[12:45:53] [Server thread/WARN]: Wrong location! Tapestry (MayanGold) (at 0, 0 instead of -91, 31)
[12:46:37] [Server thread/WARN]: Wrong location! Tapestry (MayanGold) (at 0, 0 instead of -91, 31)
[12:47:24] [Server thread/WARN]: Wrong location! Tapestry (MayanGold) (at 0, 0 instead of -91, 31)
[12:47:32] [Server thread/WARN]: Wrong location! Tapestry (MayanGold) (at 0, 0 instead of -91, 31)
[12:48:06] [Server thread/WARN]: Wrong location! Tapestry (MayanGold) (at 0, 0 instead of -91, 31)
[12:48:32] [Server thread/WARN]: Wrong location! Tapestry (MayanGold) (at 0, 0 instead of -91, 31)
[12:48:54] [Server thread/WARN]: Wrong location! Tapestry (MayanGold) (at 0, 0 instead of -91, 31)
[12:49:32] [Server thread/WARN]: Wrong location! Tapestry (MayanGold) (at 0, 0 instead of -91, 31)
[12:49:40] [Server thread/WARN]: Wrong location! Tapestry (MayanGold) (at 0, 0 instead of -91, 31)
[12:49:48] [User Authenticator #4/INFO]: UUID of player SamOwnsYou is 94f73179-405e-4c62-8211-3e42aee8c7d2
[12:49:49] [Server thread/INFO]: SamOwnsYou[/92.0.96.34:55490] logged in with entity id 26592 at (-794.5, 71.0, 971.5)
[12:49:49] [Server thread/INFO]: SamOwnsYou joined the game
[12:50:20] [Server thread/WARN]: Wrong location! Tapestry (MayanGold) (at 0, 0 instead of -91, 31)
[12:50:34] [Server thread/WARN]: Wrong location! Tapestry (MayanGold) (at 0, 0 instead of -91, 31)
 PORT!
[12:45:51] [Server thread/WARN]: The exception was: java.net.BindException: Address already in use: bind
[12:45:51] [Server thread/WARN]: Perhaps a server is already running on that port?
[12:46:33] [Server thread/INFO]: Starting minecraft server version 1.7.10
[12:47:24] [Server thread/INFO]: Loading properties
[12:47:24] [Server thread/INFO]: Default game type: SURVIVAL
[12:47:24] [Server thread/INFO]: Generating keypair
[12:47:24] [Server thread/INFO]: Starting Minecraft server on *:25565
[12:47:24] [Server thread/WARN]: **** FAILED TO BIND TO PORT!
[12:47:24] [Server thread/WARN]: The exception was: java.net.BindException: Address already in use: bind
[12:47:24] [Server thread/WARN]: Perhaps a server is already running on that port?
[12:47:49] [Server thread/INFO]: Starting minecraft server version 1.7.10
[12:48:40] [Server thread/INFO]: Loading properties
[12:48:40] [Server thread/INFO]: Default game type: SURVIVAL
[12:48:40] [Server thread/INFO]: Generating keypair
[12:48:40] [Server thread/INFO]: Starting Minecraft server on *:25565
[12:48:40] [Server thread/WARN]: **** FAILED TO BIND TO PORT!
[12:48:40] [Server thread/WARN]: The exception was: java.net.BindException: Address already in use: bind
[12:48:40] [Server thread/WARN]: Perhaps a server is already running on that port?
[12:49:43] [Server thread/INFO]: Starting minecraft server version 1.7.10
[12:50:34] [Server thread/INFO]: Loading properties
[12:50:34] [Server thread/INFO]: Default game type: SURVIVAL
[12:50:34] [Server thread/INFO]: Generating keypair
[12:50:34] [Server thread/INFO]: Starting Minecraft server on *:25565
[12:50:35] [Server thread/WARN]: **** FAILED TO BIND TO PORT!
[12:50:35] [Server thread/WARN]: The exception was: java.net.BindException: Address already in use: bind
[12:50:35] [Server thread/WARN]: Perhaps a server is already running on that port?
