6.0.0 01-12-2015 23:57:43 Starting new session. Mods: examplemod 
6.0.0 01-12-2015 23:57:47 ERROR: null: Tried to create good from block with no item: saddle;73;0;Selle
6.0.0 01-12-2015 23:57:56 MAJOR: null: Loading language: en_US
6.0.0 01-12-2015 23:57:56 MAJOR: null: Language loaded: en_US. Wand name: Wand of Summoning Wand invitem name: item.ml_villageWand.name
6.0.0 02-12-2015 12:51:26 Starting new session. Mods: examplemod 
6.0.0 02-12-2015 12:51:32 ERROR: null: Tried to create good from block with no item: saddle;73;0;Selle
6.0.0 02-12-2015 12:51:40 MAJOR: null: Loading language: en_US
6.0.0 02-12-2015 12:51:42 MAJOR: null: Language loaded: en_US. Wand name: Wand of Summoning Wand invitem name: item.ml_villageWand.name
6.0.0 02-12-2015 13:02:47 Starting new session. Mods: examplemod 
6.0.0 02-12-2015 13:02:51 ERROR: null: Tried to create good from block with no item: saddle;73;0;Selle
6.0.0 02-12-2015 13:02:55 MAJOR: null: Loading language: en_US
6.0.0 02-12-2015 13:02:55 MAJOR: null: Language loaded: en_US. Wand name: Wand of Summoning Wand invitem name: item.ml_villageWand.name
6.0.0 02-12-2015 13:09:22 Starting new session. Mods: examplemod 
6.0.0 02-12-2015 13:09:25 ERROR: null: Tried to create good from block with no item: saddle;73;0;Selle
6.0.0 02-12-2015 13:09:29 MAJOR: null: Loading language: en_US
6.0.0 02-12-2015 13:09:30 MAJOR: null: Language loaded: en_US. Wand name: Wand of Summoning Wand invitem name: item.ml_villageWand.name
6.0.0 02-12-2015 13:54:03 Starting new session. Mods: examplemod 
6.0.0 02-12-2015 13:54:10 ERROR: null: Tried to create good from block with no item: saddle;73;0;Selle
6.0.0 02-12-2015 13:54:15 MAJOR: null: Loading language: en_US
6.0.0 02-12-2015 13:54:15 MAJOR: null: Language loaded: en_US. Wand name: Wand of Summoning Wand invitem name: item.ml_villageWand.name
6.0.0 02-12-2015 13:56:39 Starting new session. Mods: examplemod 
6.0.0 02-12-2015 13:56:46 ERROR: null: Tried to create good from block with no item: saddle;73;0;Selle
6.0.0 02-12-2015 13:56:51 MAJOR: null: Loading language: en_US
6.0.0 02-12-2015 13:56:52 MAJOR: null: Language loaded: en_US. Wand name: Wand of Summoning Wand invitem name: item.ml_villageWand.name
6.0.0 02-12-2015 14:10:27 Starting new session. Mods: examplemod 
6.0.0 02-12-2015 14:10:33 ERROR: null: Tried to create good from block with no item: saddle;73;0;Selle
6.0.0 02-12-2015 14:10:38 MAJOR: null: Loading language: en_US
6.0.0 02-12-2015 14:10:38 MAJOR: null: Language loaded: en_US. Wand name: Wand of Summoning Wand invitem name: item.ml_villageWand.name
6.0.0 02-12-2015 14:27:14 Starting new session. Mods: examplemod 
6.0.0 02-12-2015 14:27:24 ERROR: null: Tried to create good from block with no item: saddle;73;0;Selle
6.0.0 02-12-2015 14:27:29 MAJOR: null: Loading language: en_US
6.0.0 02-12-2015 14:27:29 MAJOR: null: Language loaded: en_US. Wand name: Wand of Summoning Wand invitem name: item.ml_villageWand.name
6.0.0 02-12-2015 14:33:58 Starting new session. Mods: examplemod 
6.0.0 02-12-2015 14:34:09 ERROR: null: Tried to create good from block with no item: saddle;73;0;Selle
6.0.0 02-12-2015 14:34:14 MAJOR: null: Loading language: en_US
6.0.0 02-12-2015 14:34:15 MAJOR: null: Language loaded: en_US. Wand name: Wand of Summoning Wand invitem name: item.ml_villageWand.name
6.0.0 02-12-2015 14:36:42 Starting new session. Mods: examplemod 
6.0.0 02-12-2015 14:36:59 ERROR: null: Tried to create good from block with no item: saddle;73;0;Selle
6.0.0 02-12-2015 14:37:04 MAJOR: null: Loading language: en_US
6.0.0 02-12-2015 14:37:04 MAJOR: null: Language loaded: en_US. Wand name: Wand of Summoning Wand invitem name: item.ml_villageWand.name
6.0.0 02-12-2015 14:43:18 Starting new session. Mods: examplemod 
6.0.0 02-12-2015 14:50:26 Starting new session. Mods: examplemod 
6.0.0 02-12-2015 14:50:43 ERROR: null: Tried to create good from block with no item: saddle;73;0;Selle
6.0.0 02-12-2015 14:50:49 MAJOR: null: Loading language: en_US
6.0.0 02-12-2015 14:50:49 MAJOR: null: Language loaded: en_US. Wand name: Wand of Summoning Wand invitem name: item.ml_villageWand.name
6.0.0 02-12-2015 14:55:02 Starting new session. Mods: examplemod 
6.0.0 02-12-2015 14:56:23 Starting new session. Mods: examplemod 
6.0.0 02-12-2015 14:57:26 Starting new session. Mods: examplemod 
6.0.0 02-12-2015 14:59:25 Starting new session. Mods: examplemod 
6.0.0 02-12-2015 15:01:30 Starting new session. Mods: examplemod 
6.0.0 02-12-2015 15:01:42 ERROR: null: Tried to create good from block with no item: saddle;73;0;Selle
6.0.0 02-12-2015 15:01:49 MAJOR: null: Loading language: en_US
6.0.0 02-12-2015 15:01:51 MAJOR: null: Language loaded: en_US. Wand name: Wand of Summoning Wand invitem name: item.ml_villageWand.name
6.0.0 02-12-2015 15:03:56 Starting new session. Mods: examplemod 
6.0.0 02-12-2015 15:04:08 ERROR: null: Tried to create good from block with no item: saddle;73;0;Selle
6.0.0 02-12-2015 15:04:13 MAJOR: null: Loading language: en_US
6.0.0 02-12-2015 15:04:13 MAJOR: null: Language loaded: en_US. Wand name: Wand of Summoning Wand invitem name: item.ml_villageWand.name
6.0.0 02-12-2015 15:11:35 Starting new session. Mods: examplemod 
6.0.0 02-12-2015 15:12:49 Starting new session. Mods: examplemod 
6.0.0 02-12-2015 15:15:17 Starting new session. Mods: examplemod 
6.0.0 02-12-2015 15:15:29 ERROR: null: Tried to create good from block with no item: saddle;73;0;Selle
6.0.0 02-12-2015 15:15:33 MAJOR: null: Loading language: en_US
6.0.0 02-12-2015 15:15:34 MAJOR: null: Language loaded: en_US. Wand name: Wand of Summoning Wand invitem name: item.ml_villageWand.name
6.0.0 02-12-2015 15:17:04 Starting new session. Mods: examplemod 
6.0.0 02-12-2015 15:19:00 Starting new session. Mods: examplemod 
6.0.0 02-12-2015 15:19:11 ERROR: null: Tried to create good from block with no item: saddle;73;0;Selle
6.0.0 02-12-2015 15:19:15 MAJOR: null: Loading language: en_US
6.0.0 02-12-2015 15:19:16 MAJOR: null: Language loaded: en_US. Wand name: Wand of Summoning Wand invitem name: item.ml_villageWand.name
6.0.0 02-12-2015 15:20:56 Starting new session. Mods: examplemod 
6.0.0 02-12-2015 15:27:09 Starting new session. Mods: examplemod 
6.0.0 02-12-2015 15:27:21 ERROR: null: Tried to create good from block with no item: saddle;73;0;Selle
6.0.0 02-12-2015 15:27:26 MAJOR: null: Loading language: en_US
6.0.0 02-12-2015 15:27:26 MAJOR: null: Language loaded: en_US. Wand name: Wand of Summoning Wand invitem name: item.ml_villageWand.name
6.0.0 02-12-2015 15:29:01 Starting new session. Mods: examplemod 
6.0.0 02-12-2015 15:29:12 ERROR: null: Tried to create good from block with no item: saddle;73;0;Selle
6.0.0 02-12-2015 15:29:17 MAJOR: null: Loading language: en_US
6.0.0 02-12-2015 15:29:17 MAJOR: null: Language loaded: en_US. Wand name: Wand of Summoning Wand invitem name: item.ml_villageWand.name
6.0.0 02-12-2015 15:33:05 Exception when generating village:
6.0.0 02-12-2015 15:33:05 java.lang.ArrayIndexOutOfBoundsException: -8
	at net.minecraft.world.chunk.Chunk.func_150810_a(Chunk.java:511)
	at org.millenaire.common.MillWorldInfo.updateChunk(MillWorldInfo.java:509)
	at org.millenaire.common.MillWorldInfo.createWorldInfo(MillWorldInfo.java:200)
	at org.millenaire.common.MillWorldInfo.update(MillWorldInfo.java:380)
	at org.millenaire.common.WorldGenVillage.generateVillage(WorldGenVillage.java:236)
	at org.millenaire.common.WorldGenVillage.generateVillageAtPoint(WorldGenVillage.java:512)
	at org.millenaire.common.WorldGenVillage.generate(WorldGenVillage.java:142)
	at cpw.mods.fml.common.registry.GameRegistry.generateWorld(GameRegistry.java:112)
	at net.minecraft.world.gen.ChunkProviderServer.func_73153_a(ChunkProviderServer.java:280)
	at fastcraft.a.d.a(F:84)
	at fastcraft.Hooks.r(F:137)
	at net.minecraft.world.chunk.Chunk.func_76624_a(Chunk.java:1055)
	at net.minecraft.world.gen.ChunkProviderServer.originalLoadChunk(ChunkProviderServer.java:190)
	at net.minecraft.world.gen.ChunkProviderServer.loadChunk(ChunkProviderServer.java:131)
	at net.minecraft.server.management.PlayerManager$PlayerInstance.<init>(PlayerManager.java:370)
	at net.minecraft.server.management.PlayerManager.func_72690_a(PlayerManager.java:97)
	at net.minecraft.server.management.PlayerManager.func_72691_b(PlayerManager.java:174)
	at net.minecraft.server.management.PlayerManager.func_72685_d(PlayerManager.java:267)
	at net.minecraft.server.management.ServerConfigurationManager.func_72358_d(ServerConfigurationManager.java:313)
	at net.minecraft.network.NetHandlerPlayServer.func_147347_a(NetHandlerPlayServer.java:404)
	at net.minecraft.network.play.client.C03PacketPlayer.func_148833_a(SourceFile:137)
	at net.minecraft.network.play.client.C03PacketPlayer$C04PacketPlayerPosition.func_148833_a(SourceFile:63)
	at net.minecraft.network.NetworkManager.func_74428_b(NetworkManager.java:212)
	at net.minecraft.network.NetworkSystem.func_151269_c(NetworkSystem.java:165)
	at net.minecraft.server.MinecraftServer.func_71190_q(MinecraftServer.java:659)
	at net.minecraft.server.MinecraftServer.func_71217_p(MinecraftServer.java:547)
	at net.minecraft.server.integrated.IntegratedServer.func_71217_p(IntegratedServer.java:111)
	at net.minecraft.server.MinecraftServer.run(MinecraftServer.java:427)
	at net.minecraft.server.MinecraftServer$2.run(MinecraftServer.java:685)

6.0.0 02-12-2015 15:33:05 Exception when generating village:
6.0.0 02-12-2015 15:33:05 java.lang.ArrayIndexOutOfBoundsException

6.0.0 02-12-2015 15:33:05 Repeat exception x2: null
6.0.0 02-12-2015 15:33:05 Repeat exception x3: null
6.0.0 02-12-2015 15:33:09 Repeat exception x4: null
6.0.0 02-12-2015 15:33:09 Repeat exception x5: null
6.0.0 02-12-2015 15:33:09 Repeat exception x6: null
6.0.0 02-12-2015 15:33:09 Repeat exception x7: null
6.0.0 02-12-2015 15:33:09 Repeat exception x8: null
6.0.0 02-12-2015 15:33:09 Repeat exception x9: null
6.0.0 02-12-2015 15:33:09 Repeat exception x10: null
6.0.0 02-12-2015 15:33:09 Repeat exception x11: null
6.0.0 02-12-2015 15:33:09 Repeat exception x12: null
6.0.0 02-12-2015 15:33:10 Repeat exception x13: null
6.0.0 02-12-2015 15:33:10 Repeat exception x14: null
6.0.0 02-12-2015 15:33:10 Repeat exception x15: null
6.0.0 02-12-2015 15:42:09 Starting new session. Mods: examplemod 
6.0.0 02-12-2015 15:42:25 ERROR: null: Tried to create good from block with no item: saddle;73;0;Selle
6.0.0 02-12-2015 15:42:30 MAJOR: null: Loading language: en_US
6.0.0 02-12-2015 15:42:30 MAJOR: null: Language loaded: en_US. Wand name: Wand of Summoning Wand invitem name: item.ml_villageWand.name
6.0.0 02-12-2015 16:05:24 Starting new session. Mods: examplemod 
6.0.0 02-12-2015 16:05:44 ERROR: null: Tried to create good from block with no item: saddle;73;0;Selle
6.0.0 02-12-2015 16:05:49 MAJOR: null: Loading language: en_US
6.0.0 02-12-2015 16:05:49 MAJOR: null: Language loaded: en_US. Wand name: Wand of Summoning Wand invitem name: item.ml_villageWand.name
